Determining size of off64_t failed with the following output:
Change Dir: D:/Proiecte/3d/assimp-3.3.1-bin/CMakeFiles/CMakeTmp

Run Build Command:"C:/Program Files (x86)/MSBuild/14.0/bin/MSBuild.exe" "cmTC_23f59.vcxproj" "/p:Configuration=Debug" "/p:VisualStudioVersion=14.0"
Microsoft (R) Build Engine version 14.0.25420.1
Copyright (C) Microsoft Corporation. All rights reserved.

Build started 14.12.2016 11:34:30.
Project "D:\Proiecte\3d\assimp-3.3.1-bin\CMakeFiles\CMakeTmp\cmTC_23f59.vcxproj" on node 1 (default targets).
PrepareForBuild:
  Creating directory "cmTC_23f59.dir\Debug\".
  Creating directory "D:\Proiecte\3d\assimp-3.3.1-bin\CMakeFiles\CMakeTmp\Debug\".
  Creating directory "cmTC_23f59.dir\Debug\cmTC_23f59.tlog\".
InitializeBuildStatus:
  Creating "cmTC_23f59.dir\Debug\cmTC_23f59.tlog\unsuccessfulbuild" because "AlwaysCreate" was specified.
ClCompile:
  C:\Program Files (x86)\Microsoft Visual Studio 14.0\VC\bin\CL.exe /c /Zi /W3 /WX- /Od /Ob0 /Oy- /D WIN32 /D _WINDOWS /D _DEBUG /D _LARGEFILE64_SOURCE=1 /D HAVE_SYS_TYPES_H /D HAVE_STDINT_H /D HAVE_STDDEF_H /D "CMAKE_INTDIR=\"Debug\"" /D _MBCS /Gm- /RTC1 /MDd /GS /fp:precise /Zc:wchar_t /Zc:forScope /Zc:inline /Fo"cmTC_23f59.dir\Debug\\" /Fd"cmTC_23f59.dir\Debug\vc140.pdb" /Gd /TC /analyze- /errorReport:queue "D:\Proiecte\3d\assimp-3.3.1-bin\CMakeFiles\CheckTypeSize\OFF64_T.c"
  Microsoft (R) C/C++ Optimizing Compiler Version 19.00.24215.1 for x86
  Copyright (C) Microsoft Corporation.  All rights reserved.
  
  cl /c /Zi /W3 /WX- /Od /Ob0 /Oy- /D WIN32 /D _WINDOWS /D _DEBUG /D _LARGEFILE64_SOURCE=1 /D HAVE_SYS_TYPES_H /D HAVE_STDINT_H /D HAVE_STDDEF_H /D "CMAKE_INTDIR=\"Debug\"" /D _MBCS /Gm- /RTC1 /MDd /GS /fp:precise /Zc:wchar_t /Zc:forScope /Zc:inline /Fo"cmTC_23f59.dir\Debug\\" /Fd"cmTC_23f59.dir\Debug\vc140.pdb" /Gd /TC /analyze- /errorReport:queue "D:\Proiecte\3d\assimp-3.3.1-bin\CMakeFiles\CheckTypeSize\OFF64_T.c"
  
  OFF64_T.c
D:\Proiecte\3d\assimp-3.3.1-bin\CMakeFiles\CheckTypeSize\OFF64_T.c(19): error C2065: 'off64_t': undeclared identifier [D:\Proiecte\3d\assimp-3.3.1-bin\CMakeFiles\CMakeTmp\cmTC_23f59.vcxproj]
D:\Proiecte\3d\assimp-3.3.1-bin\CMakeFiles\CheckTypeSize\OFF64_T.c(20): error C2065: 'off64_t': undeclared identifier [D:\Proiecte\3d\assimp-3.3.1-bin\CMakeFiles\CMakeTmp\cmTC_23f59.vcxproj]
D:\Proiecte\3d\assimp-3.3.1-bin\CMakeFiles\CheckTypeSize\OFF64_T.c(21): error C2065: 'off64_t': undeclared identifier [D:\Proiecte\3d\assimp-3.3.1-bin\CMakeFiles\CMakeTmp\cmTC_23f59.vcxproj]
D:\Proiecte\3d\assimp-3.3.1-bin\CMakeFiles\CheckTypeSize\OFF64_T.c(22): error C2065: 'off64_t': undeclared identifier [D:\Proiecte\3d\assimp-3.3.1-bin\CMakeFiles\CMakeTmp\cmTC_23f59.vcxproj]
D:\Proiecte\3d\assimp-3.3.1-bin\CMakeFiles\CheckTypeSize\OFF64_T.c(23): error C2065: 'off64_t': undeclared identifier [D:\Proiecte\3d\assimp-3.3.1-bin\CMakeFiles\CMakeTmp\cmTC_23f59.vcxproj]
Done Building Project "D:\Proiecte\3d\assimp-3.3.1-bin\CMakeFiles\CMakeTmp\cmTC_23f59.vcxproj" (default targets) -- FAILED.

Build FAILED.

"D:\Proiecte\3d\assimp-3.3.1-bin\CMakeFiles\CMakeTmp\cmTC_23f59.vcxproj" (default target) (1) ->
(ClCompile target) -> 
  D:\Proiecte\3d\assimp-3.3.1-bin\CMakeFiles\CheckTypeSize\OFF64_T.c(19): error C2065: 'off64_t': undeclared identifier [D:\Proiecte\3d\assimp-3.3.1-bin\CMakeFiles\CMakeTmp\cmTC_23f59.vcxproj]
  D:\Proiecte\3d\assimp-3.3.1-bin\CMakeFiles\CheckTypeSize\OFF64_T.c(20): error C2065: 'off64_t': undeclared identifier [D:\Proiecte\3d\assimp-3.3.1-bin\CMakeFiles\CMakeTmp\cmTC_23f59.vcxproj]
  D:\Proiecte\3d\assimp-3.3.1-bin\CMakeFiles\CheckTypeSize\OFF64_T.c(21): error C2065: 'off64_t': undeclared identifier [D:\Proiecte\3d\assimp-3.3.1-bin\CMakeFiles\CMakeTmp\cmTC_23f59.vcxproj]
  D:\Proiecte\3d\assimp-3.3.1-bin\CMakeFiles\CheckTypeSize\OFF64_T.c(22): error C2065: 'off64_t': undeclared identifier [D:\Proiecte\3d\assimp-3.3.1-bin\CMakeFiles\CMakeTmp\cmTC_23f59.vcxproj]
  D:\Proiecte\3d\assimp-3.3.1-bin\CMakeFiles\CheckTypeSize\OFF64_T.c(23): error C2065: 'off64_t': undeclared identifier [D:\Proiecte\3d\assimp-3.3.1-bin\CMakeFiles\CMakeTmp\cmTC_23f59.vcxproj]

    0 Warning(s)
    5 Error(s)

Time Elapsed 00:00:00.21

D:/Proiecte/3d/assimp-3.3.1-bin/CMakeFiles/CheckTypeSize/OFF64_T.c:
#include <sys/types.h>
#include <stdint.h>
#include <stddef.h>


#undef KEY
#if defined(__i386)
# define KEY '_','_','i','3','8','6'
#elif defined(__x86_64)
# define KEY '_','_','x','8','6','_','6','4'
#elif defined(__ppc__)
# define KEY '_','_','p','p','c','_','_'
#elif defined(__ppc64__)
# define KEY '_','_','p','p','c','6','4','_','_'
#endif

#define SIZE (sizeof(off64_t))
char info_size[] =  {'I', 'N', 'F', 'O', ':', 's','i','z','e','[',
  ('0' + ((SIZE / 10000)%10)),
  ('0' + ((SIZE / 1000)%10)),
  ('0' + ((SIZE / 100)%10)),
  ('0' + ((SIZE / 10)%10)),
  ('0' +  (SIZE    % 10)),
  ']',
#ifdef KEY
  ' ','k','e','y','[', KEY, ']',
#endif
  '\0'};

#ifdef __CLASSIC_C__
int main(argc, argv) int argc; char *argv[];
#else
int main(int argc, char *argv[])
#endif
{
  int require = 0;
  require += info_size[argc];
  (void)argv;
  return require;
}


Determining if the function fseeko exists failed with the following output:
Change Dir: D:/Proiecte/3d/assimp-3.3.1-bin/CMakeFiles/CMakeTmp

Run Build Command:"C:/Program Files (x86)/MSBuild/14.0/bin/MSBuild.exe" "cmTC_194b6.vcxproj" "/p:Configuration=Debug" "/p:VisualStudioVersion=14.0"
Microsoft (R) Build Engine version 14.0.25420.1
Copyright (C) Microsoft Corporation. All rights reserved.

Build started 14.12.2016 11:34:31.
Project "D:\Proiecte\3d\assimp-3.3.1-bin\CMakeFiles\CMakeTmp\cmTC_194b6.vcxproj" on node 1 (default targets).
PrepareForBuild:
  Creating directory "cmTC_194b6.dir\Debug\".
  Creating directory "D:\Proiecte\3d\assimp-3.3.1-bin\CMakeFiles\CMakeTmp\Debug\".
  Creating directory "cmTC_194b6.dir\Debug\cmTC_194b6.tlog\".
InitializeBuildStatus:
  Creating "cmTC_194b6.dir\Debug\cmTC_194b6.tlog\unsuccessfulbuild" because "AlwaysCreate" was specified.
ClCompile:
  C:\Program Files (x86)\Microsoft Visual Studio 14.0\VC\bin\CL.exe /c /Zi /W3 /WX- /Od /Ob0 /Oy- /D WIN32 /D _WINDOWS /D CHECK_FUNCTION_EXISTS=fseeko /D _DEBUG /D "CMAKE_INTDIR=\"Debug\"" /D _MBCS /Gm- /RTC1 /MDd /GS /fp:precise /Zc:wchar_t /Zc:forScope /Zc:inline /Fo"cmTC_194b6.dir\Debug\\" /Fd"cmTC_194b6.dir\Debug\vc140.pdb" /Gd /TC /analyze- /errorReport:queue "C:\Program Files\CMake\share\cmake-3.7\Modules\CheckFunctionExists.c"
  Microsoft (R) C/C++ Optimizing Compiler Version 19.00.24215.1 for x86
  Copyright (C) Microsoft Corporation.  All rights reserved.
  
  cl /c /Zi /W3 /WX- /Od /Ob0 /Oy- /D WIN32 /D _WINDOWS /D CHECK_FUNCTION_EXISTS=fseeko /D _DEBUG /D "CMAKE_INTDIR=\"Debug\"" /D _MBCS /Gm- /RTC1 /MDd /GS /fp:precise /Zc:wchar_t /Zc:forScope /Zc:inline /Fo"cmTC_194b6.dir\Debug\\" /Fd"cmTC_194b6.dir\Debug\vc140.pdb" /Gd /TC /analyze- /errorReport:queue "C:\Program Files\CMake\share\cmake-3.7\Modules\CheckFunctionExists.c"
  
  CheckFunctionExists.c
Link:
  C:\Program Files (x86)\Microsoft Visual Studio 14.0\VC\bin\link.exe /ERRORREPORT:QUEUE /OUT:"D:\Proiecte\3d\assimp-3.3.1-bin\CMakeFiles\CMakeTmp\Debug\cmTC_194b6.exe" /INCREMENTAL /NOLOGO kernel32.lib user32.lib gdi32.lib winspool.lib shell32.lib ole32.lib oleaut32.lib uuid.lib comdlg32.lib advapi32.lib /MANIFEST /MANIFESTUAC:"level='asInvoker' uiAccess='false'" /manifest:embed /DEBUG /PDB:"D:/Proiecte/3d/assimp-3.3.1-bin/CMakeFiles/CMakeTmp/Debug/cmTC_194b6.pdb" /SUBSYSTEM:CONSOLE /TLBID:1 /DYNAMICBASE /NXCOMPAT /IMPLIB:"D:/Proiecte/3d/assimp-3.3.1-bin/CMakeFiles/CMakeTmp/Debug/cmTC_194b6.lib" /MACHINE:X86 /SAFESEH  /machine:X86 cmTC_194b6.dir\Debug\CheckFunctionExists.obj
CheckFunctionExists.obj : error LNK2019: unresolved external symbol _fseeko referenced in function _main [D:\Proiecte\3d\assimp-3.3.1-bin\CMakeFiles\CMakeTmp\cmTC_194b6.vcxproj]
D:\Proiecte\3d\assimp-3.3.1-bin\CMakeFiles\CMakeTmp\Debug\cmTC_194b6.exe : fatal error LNK1120: 1 unresolved externals [D:\Proiecte\3d\assimp-3.3.1-bin\CMakeFiles\CMakeTmp\cmTC_194b6.vcxproj]
Done Building Project "D:\Proiecte\3d\assimp-3.3.1-bin\CMakeFiles\CMakeTmp\cmTC_194b6.vcxproj" (default targets) -- FAILED.

Build FAILED.

"D:\Proiecte\3d\assimp-3.3.1-bin\CMakeFiles\CMakeTmp\cmTC_194b6.vcxproj" (default target) (1) ->
(Link target) -> 
  CheckFunctionExists.obj : error LNK2019: unresolved external symbol _fseeko referenced in function _main [D:\Proiecte\3d\assimp-3.3.1-bin\CMakeFiles\CMakeTmp\cmTC_194b6.vcxproj]
  D:\Proiecte\3d\assimp-3.3.1-bin\CMakeFiles\CMakeTmp\Debug\cmTC_194b6.exe : fatal error LNK1120: 1 unresolved externals [D:\Proiecte\3d\assimp-3.3.1-bin\CMakeFiles\CMakeTmp\cmTC_194b6.vcxproj]

    0 Warning(s)
    2 Error(s)

Time Elapsed 00:00:00.31


Determining if the include file unistd.h exists failed with the following output:
Change Dir: D:/Proiecte/3d/assimp-3.3.1-bin/CMakeFiles/CMakeTmp

Run Build Command:"C:/Program Files (x86)/MSBuild/14.0/bin/MSBuild.exe" "cmTC_cc4a0.vcxproj" "/p:Configuration=Debug" "/p:VisualStudioVersion=14.0"
Microsoft (R) Build Engine version 14.0.25420.1
Copyright (C) Microsoft Corporation. All rights reserved.

Build started 14.12.2016 11:34:31.
Project "D:\Proiecte\3d\assimp-3.3.1-bin\CMakeFiles\CMakeTmp\cmTC_cc4a0.vcxproj" on node 1 (default targets).
PrepareForBuild:
  Creating directory "cmTC_cc4a0.dir\Debug\".
  Creating directory "D:\Proiecte\3d\assimp-3.3.1-bin\CMakeFiles\CMakeTmp\Debug\".
  Creating directory "cmTC_cc4a0.dir\Debug\cmTC_cc4a0.tlog\".
InitializeBuildStatus:
  Creating "cmTC_cc4a0.dir\Debug\cmTC_cc4a0.tlog\unsuccessfulbuild" because "AlwaysCreate" was specified.
ClCompile:
  C:\Program Files (x86)\Microsoft Visual Studio 14.0\VC\bin\CL.exe /c /Zi /W3 /WX- /Od /Ob0 /Oy- /D WIN32 /D _WINDOWS /D _DEBUG /D "CMAKE_INTDIR=\"Debug\"" /D _MBCS /Gm- /RTC1 /MDd /GS /fp:precise /Zc:wchar_t /Zc:forScope /Zc:inline /Fo"cmTC_cc4a0.dir\Debug\\" /Fd"cmTC_cc4a0.dir\Debug\vc140.pdb" /Gd /TC /analyze- /errorReport:queue "D:\Proiecte\3d\assimp-3.3.1-bin\CMakeFiles\CMakeTmp\CheckIncludeFile.c"
  Microsoft (R) C/C++ Optimizing Compiler Version 19.00.24215.1 for x86
  Copyright (C) Microsoft Corporation.  All rights reserved.
  
  cl /c /Zi /W3 /WX- /Od /Ob0 /Oy- /D WIN32 /D _WINDOWS /D _DEBUG /D "CMAKE_INTDIR=\"Debug\"" /D _MBCS /Gm- /RTC1 /MDd /GS /fp:precise /Zc:wchar_t /Zc:forScope /Zc:inline /Fo"cmTC_cc4a0.dir\Debug\\" /Fd"cmTC_cc4a0.dir\Debug\vc140.pdb" /Gd /TC /analyze- /errorReport:queue "D:\Proiecte\3d\assimp-3.3.1-bin\CMakeFiles\CMakeTmp\CheckIncludeFile.c"
  
  CheckIncludeFile.c
D:\Proiecte\3d\assimp-3.3.1-bin\CMakeFiles\CMakeTmp\CheckIncludeFile.c(1): fatal error C1083: Cannot open include file: 'unistd.h': No such file or directory [D:\Proiecte\3d\assimp-3.3.1-bin\CMakeFiles\CMakeTmp\cmTC_cc4a0.vcxproj]
Done Building Project "D:\Proiecte\3d\assimp-3.3.1-bin\CMakeFiles\CMakeTmp\cmTC_cc4a0.vcxproj" (default targets) -- FAILED.

Build FAILED.

"D:\Proiecte\3d\assimp-3.3.1-bin\CMakeFiles\CMakeTmp\cmTC_cc4a0.vcxproj" (default target) (1) ->
(ClCompile target) -> 
  D:\Proiecte\3d\assimp-3.3.1-bin\CMakeFiles\CMakeTmp\CheckIncludeFile.c(1): fatal error C1083: Cannot open include file: 'unistd.h': No such file or directory [D:\Proiecte\3d\assimp-3.3.1-bin\CMakeFiles\CMakeTmp\cmTC_cc4a0.vcxproj]

    0 Warning(s)
    1 Error(s)

Time Elapsed 00:00:00.24


Determining if the include file pthread.h exists failed with the following output:
Change Dir: D:/Proiecte/3d/assimp-3.3.1-bin/CMakeFiles/CMakeTmp

Run Build Command:"C:/Program Files (x86)/MSBuild/14.0/bin/MSBuild.exe" "cmTC_5b3d7.vcxproj" "/p:Configuration=Debug" "/p:VisualStudioVersion=14.0"
Microsoft (R) Build Engine version 14.0.25420.1
Copyright (C) Microsoft Corporation. All rights reserved.

Build started 14.12.2016 11:34:31.
Project "D:\Proiecte\3d\assimp-3.3.1-bin\CMakeFiles\CMakeTmp\cmTC_5b3d7.vcxproj" on node 1 (default targets).
PrepareForBuild:
  Creating directory "cmTC_5b3d7.dir\Debug\".
  Creating directory "D:\Proiecte\3d\assimp-3.3.1-bin\CMakeFiles\CMakeTmp\Debug\".
  Creating directory "cmTC_5b3d7.dir\Debug\cmTC_5b3d7.tlog\".
InitializeBuildStatus:
  Creating "cmTC_5b3d7.dir\Debug\cmTC_5b3d7.tlog\unsuccessfulbuild" because "AlwaysCreate" was specified.
ClCompile:
  C:\Program Files (x86)\Microsoft Visual Studio 14.0\VC\bin\CL.exe /c /Zi /W3 /WX- /Od /Ob0 /Oy- /D WIN32 /D _WINDOWS /D _DEBUG /D "CMAKE_INTDIR=\"Debug\"" /D _MBCS /Gm- /RTC1 /MDd /GS /fp:precise /Zc:wchar_t /Zc:forScope /Zc:inline /Fo"cmTC_5b3d7.dir\Debug\\" /Fd"cmTC_5b3d7.dir\Debug\vc140.pdb" /Gd /TC /analyze- /errorReport:queue "D:\Proiecte\3d\assimp-3.3.1-bin\CMakeFiles\CMakeTmp\CheckIncludeFile.c"
  Microsoft (R) C/C++ Optimizing Compiler Version 19.00.24215.1 for x86
  Copyright (C) Microsoft Corporation.  All rights reserved.
  
  cl /c /Zi /W3 /WX- /Od /Ob0 /Oy- /D WIN32 /D _WINDOWS /D _DEBUG /D "CMAKE_INTDIR=\"Debug\"" /D _MBCS /Gm- /RTC1 /MDd /GS /fp:precise /Zc:wchar_t /Zc:forScope /Zc:inline /Fo"cmTC_5b3d7.dir\Debug\\" /Fd"cmTC_5b3d7.dir\Debug\vc140.pdb" /Gd /TC /analyze- /errorReport:queue "D:\Proiecte\3d\assimp-3.3.1-bin\CMakeFiles\CMakeTmp\CheckIncludeFile.c"
  
  CheckIncludeFile.c
D:\Proiecte\3d\assimp-3.3.1-bin\CMakeFiles\CMakeTmp\CheckIncludeFile.c(1): fatal error C1083: Cannot open include file: 'pthread.h': No such file or directory [D:\Proiecte\3d\assimp-3.3.1-bin\CMakeFiles\CMakeTmp\cmTC_5b3d7.vcxproj]
Done Building Project "D:\Proiecte\3d\assimp-3.3.1-bin\CMakeFiles\CMakeTmp\cmTC_5b3d7.vcxproj" (default targets) -- FAILED.

Build FAILED.

"D:\Proiecte\3d\assimp-3.3.1-bin\CMakeFiles\CMakeTmp\cmTC_5b3d7.vcxproj" (default target) (1) ->
(ClCompile target) -> 
  D:\Proiecte\3d\assimp-3.3.1-bin\CMakeFiles\CMakeTmp\CheckIncludeFile.c(1): fatal error C1083: Cannot open include file: 'pthread.h': No such file or directory [D:\Proiecte\3d\assimp-3.3.1-bin\CMakeFiles\CMakeTmp\cmTC_5b3d7.vcxproj]

    0 Warning(s)
    1 Error(s)

Time Elapsed 00:00:00.22


